<?xml version="1.0" encoding="UTF-8"?>
<testsuite xmlns:xsi="http://www.w3.org/2001/XMLSchema-instance" xsi:noNamespaceSchemaLocation="https://maven.apache.org/surefire/maven-surefire-plugin/xsd/surefire-test-report.xsd" name="JukinMedia.automation.Runner" time="24.481" tests="2" errors="0" skipped="0" failures="2">
  <properties>
    <property name="sun.desktop" value="windows"/>
    <property name="awt.toolkit" value="sun.awt.windows.WToolkit"/>
    <property name="file.encoding.pkg" value="sun.io"/>
    <property name="java.specification.version" value="1.8"/>
    <property name="sun.cpu.isalist" value="amd64"/>
    <property name="sun.jnu.encoding" value="Cp1252"/>
    <property name="java.class.path" value="C:\Users\navendushukla\workspace\automation\target\test-classes;C:\Users\navendushukla\workspace\automation\target\classes;C:\Users\navendushukla\.m2\repository\junit\junit\3.8.1\junit-3.8.1.jar;C:\Users\navendushukla\.m2\repository\org\seleniumhq\selenium\selenium-java\3.141.59\selenium-java-3.141.59.jar;C:\Users\navendushukla\.m2\repository\org\seleniumhq\selenium\selenium-api\3.141.59\selenium-api-3.141.59.jar;C:\Users\navendushukla\.m2\repository\org\seleniumhq\selenium\selenium-chrome-driver\3.141.59\selenium-chrome-driver-3.141.59.jar;C:\Users\navendushukla\.m2\repository\org\seleniumhq\selenium\selenium-edge-driver\3.141.59\selenium-edge-driver-3.141.59.jar;C:\Users\navendushukla\.m2\repository\org\seleniumhq\selenium\selenium-firefox-driver\3.141.59\selenium-firefox-driver-3.141.59.jar;C:\Users\navendushukla\.m2\repository\org\seleniumhq\selenium\selenium-ie-driver\3.141.59\selenium-ie-driver-3.141.59.jar;C:\Users\navendushukla\.m2\repository\org\seleniumhq\selenium\selenium-opera-driver\3.141.59\selenium-opera-driver-3.141.59.jar;C:\Users\navendushukla\.m2\repository\org\seleniumhq\selenium\selenium-remote-driver\3.141.59\selenium-remote-driver-3.141.59.jar;C:\Users\navendushukla\.m2\repository\org\seleniumhq\selenium\selenium-safari-driver\3.141.59\selenium-safari-driver-3.141.59.jar;C:\Users\navendushukla\.m2\repository\org\seleniumhq\selenium\selenium-support\3.141.59\selenium-support-3.141.59.jar;C:\Users\navendushukla\.m2\repository\net\bytebuddy\byte-buddy\1.8.15\byte-buddy-1.8.15.jar;C:\Users\navendushukla\.m2\repository\org\apache\commons\commons-exec\1.3\commons-exec-1.3.jar;C:\Users\navendushukla\.m2\repository\com\google\guava\guava\25.0-jre\guava-25.0-jre.jar;C:\Users\navendushukla\.m2\repository\com\google\code\findbugs\jsr305\1.3.9\jsr305-1.3.9.jar;C:\Users\navendushukla\.m2\repository\org\checkerframework\checker-compat-qual\2.0.0\checker-compat-qual-2.0.0.jar;C:\Users\navendushukla\.m2\repository\com\google\errorprone\error_prone_annotations\2.1.3\error_prone_annotations-2.1.3.jar;C:\Users\navendushukla\.m2\repository\com\google\j2objc\j2objc-annotations\1.1\j2objc-annotations-1.1.jar;C:\Users\navendushukla\.m2\repository\org\codehaus\mojo\animal-sniffer-annotations\1.14\animal-sniffer-annotations-1.14.jar;C:\Users\navendushukla\.m2\repository\com\squareup\okhttp3\okhttp\3.11.0\okhttp-3.11.0.jar;C:\Users\navendushukla\.m2\repository\com\squareup\okio\okio\1.14.0\okio-1.14.0.jar;C:\Users\navendushukla\.m2\repository\io\cucumber\cucumber-java\6.8.0\cucumber-java-6.8.0.jar;C:\Users\navendushukla\.m2\repository\io\cucumber\cucumber-core\6.8.0\cucumber-core-6.8.0.jar;C:\Users\navendushukla\.m2\repository\io\cucumber\cucumber-gherkin\6.8.0\cucumber-gherkin-6.8.0.jar;C:\Users\navendushukla\.m2\repository\io\cucumber\cucumber-gherkin-messages\6.8.0\cucumber-gherkin-messages-6.8.0.jar;C:\Users\navendushukla\.m2\repository\io\cucumber\messages\13.1.0\messages-13.1.0.jar;C:\Users\navendushukla\.m2\repository\io\cucumber\tag-expressions\3.0.0\tag-expressions-3.0.0.jar;C:\Users\navendushukla\.m2\repository\io\cucumber\cucumber-expressions\10.3.0\cucumber-expressions-10.3.0.jar;C:\Users\navendushukla\.m2\repository\io\cucumber\datatable\3.5.0\datatable-3.5.0.jar;C:\Users\navendushukla\.m2\repository\io\cucumber\cucumber-plugin\6.8.0\cucumber-plugin-6.8.0.jar;C:\Users\navendushukla\.m2\repository\io\cucumber\docstring\6.8.0\docstring-6.8.0.jar;C:\Users\navendushukla\.m2\repository\io\cucumber\html-formatter\9.0.0\html-formatter-9.0.0.jar;C:\Users\navendushukla\.m2\repository\io\cucumber\create-meta\2.0.2\create-meta-2.0.2.jar;C:\Users\navendushukla\.m2\repository\org\apiguardian\apiguardian-api\1.1.0\apiguardian-api-1.1.0.jar;C:\Users\navendushukla\.m2\repository\org\testng\testng\7.3.0\testng-7.3.0.jar;C:\Users\navendushukla\.m2\repository\com\beust\jcommander\1.78\jcommander-1.78.jar;C:\Users\navendushukla\.m2\repository\org\apache\ant\ant\1.10.3\ant-1.10.3.jar;C:\Users\navendushukla\.m2\repository\org\apache\ant\ant-launcher\1.10.3\ant-launcher-1.10.3.jar;C:\Users\navendushukla\.m2\repository\com\google\inject\guice\4.2.2\guice-4.2.2-no_aop.jar;C:\Users\navendushukla\.m2\repository\javax\inject\javax.inject\1\javax.inject-1.jar;C:\Users\navendushukla\.m2\repository\aopalliance\aopalliance\1.0\aopalliance-1.0.jar;C:\Users\navendushukla\.m2\repository\org\yaml\snakeyaml\1.21\snakeyaml-1.21.jar;C:\Users\navendushukla\.m2\repository\info\cukes\cucumber-testng\1.2.5\cucumber-testng-1.2.5.jar;C:\Users\navendushukla\.m2\repository\info\cukes\cucumber-core\1.2.5\cucumber-core-1.2.5.jar;C:\Users\navendushukla\.m2\repository\info\cukes\cucumber-html\0.2.3\cucumber-html-0.2.3.jar;C:\Users\navendushukla\.m2\repository\info\cukes\cucumber-jvm-deps\1.0.5\cucumber-jvm-deps-1.0.5.jar;C:\Users\navendushukla\.m2\repository\info\cukes\gherkin\2.12.2\gherkin-2.12.2.jar;C:\Users\navendushukla\.m2\repository\info\cukes\cucumber-junit\1.2.5\cucumber-junit-1.2.5.jar;C:\Users\navendushukla\.m2\repository\info\cukes\cucumber-java\1.2.5\cucumber-java-1.2.5.jar;C:\Users\navendushukla\.m2\repository\net\masterthought\cucumber-reporting\1.0.0\cucumber-reporting-1.0.0.jar;C:\Users\navendushukla\.m2\repository\com\google\code\gson\gson\2.4\gson-2.4.jar;C:\Users\navendushukla\.m2\repository\org\apache\velocity\velocity\1.7\velocity-1.7.jar;C:\Users\navendushukla\.m2\repository\commons-collections\commons-collections\3.2.1\commons-collections-3.2.1.jar;C:\Users\navendushukla\.m2\repository\commons-lang\commons-lang\2.4\commons-lang-2.4.jar;C:\Users\navendushukla\.m2\repository\velocity-tools\velocity-tools\1.4\velocity-tools-1.4.jar;C:\Users\navendushukla\.m2\repository\joda-time\joda-time\2.9.1\joda-time-2.9.1.jar;C:\Users\navendushukla\.m2\repository\org\apache\commons\commons-lang3\3.4\commons-lang3-3.4.jar;C:\Users\navendushukla\.m2\repository\commons-io\commons-io\2.4\commons-io-2.4.jar;C:\Users\navendushukla\.m2\repository\net\lingala\zip4j\zip4j\1.3.2\zip4j-1.3.2.jar;C:\Users\navendushukla\.m2\repository\org\apache\maven\plugins\maven-gpg-plugin\1.6\maven-gpg-plugin-1.6.jar;C:\Users\navendushukla\.m2\repository\org\apache\maven\maven-plugin-api\2.2.1\maven-plugin-api-2.2.1.jar;C:\Users\navendushukla\.m2\repository\org\apache\maven\maven-project\2.2.1\maven-project-2.2.1.jar;C:\Users\navendushukla\.m2\repository\org\apache\maven\maven-settings\2.2.1\maven-settings-2.2.1.jar;C:\Users\navendushukla\.m2\repository\org\apache\maven\maven-profile\2.2.1\maven-profile-2.2.1.jar;C:\Users\navendushukla\.m2\repository\org\apache\maven\maven-artifact-manager\2.2.1\maven-artifact-manager-2.2.1.jar;C:\Users\navendushukla\.m2\repository\org\apache\maven\wagon\wagon-provider-api\1.0-beta-6\wagon-provider-api-1.0-beta-6.jar;C:\Users\navendushukla\.m2\repository\backport-util-concurrent\backport-util-concurrent\3.1\backport-util-concurrent-3.1.jar;C:\Users\navendushukla\.m2\repository\org\apache\maven\maven-plugin-registry\2.2.1\maven-plugin-registry-2.2.1.jar;C:\Users\navendushukla\.m2\repository\org\codehaus\plexus\plexus-interpolation\1.11\plexus-interpolation-1.11.jar;C:\Users\navendushukla\.m2\repository\org\codehaus\plexus\plexus-container-default\1.0-alpha-9-stable-1\plexus-container-default-1.0-alpha-9-stable-1.jar;C:\Users\navendushukla\.m2\repository\classworlds\classworlds\1.1-alpha-2\classworlds-1.1-alpha-2.jar;C:\Users\navendushukla\.m2\repository\org\apache\maven\maven-artifact\2.2.1\maven-artifact-2.2.1.jar;C:\Users\navendushukla\.m2\repository\org\apache\maven\maven-repository-metadata\2.2.1\maven-repository-metadata-2.2.1.jar;C:\Users\navendushukla\.m2\repository\org\apache\maven\maven-model\2.2.1\maven-model-2.2.1.jar;C:\Users\navendushukla\.m2\repository\org\codehaus\plexus\plexus-utils\3.0.20\plexus-utils-3.0.20.jar;C:\Users\navendushukla\.m2\repository\org\sonatype\plexus\plexus-sec-dispatcher\1.4\plexus-sec-dispatcher-1.4.jar;C:\Users\navendushukla\.m2\repository\org\sonatype\plexus\plexus-cipher\1.4\plexus-cipher-1.4.jar;C:\Users\navendushukla\.m2\repository\org\jsoup\jsoup\1.8.3\jsoup-1.8.3.jar;C:\Users\navendushukla\.m2\repository\org\apache\maven\surefire\surefire-testng-utils\2.22.0\surefire-testng-utils-2.22.0.jar;C:\Users\navendushukla\.m2\repository\org\apache\maven\surefire\surefire-grouper\2.22.0\surefire-grouper-2.22.0.jar;"/>
    <property name="java.vm.vendor" value="Oracle Corporation"/>
    <property name="sun.arch.data.model" value="64"/>
    <property name="user.variant" value=""/>
    <property name="java.vendor.url" value="http://java.oracle.com/"/>
    <property name="user.timezone" value="Asia/Calcutta"/>
    <property name="java.vm.specification.version" value="1.8"/>
    <property name="os.name" value="Windows 10"/>
    <property name="user.country" value="IN"/>
    <property name="sun.java.launcher" value="SUN_STANDARD"/>
    <property name="sun.boot.library.path" value="C:\Program Files\Java\jdk1.8.0_161\jre\bin"/>
    <property name="sun.java.command" value="C:\Users\NAVEND~1\AppData\Local\Temp\surefire7781978859796837624\surefirebooter6032282716542653750.jar C:\Users\navendushukla\AppData\Local\Temp\surefire7781978859796837624 2020-09-29T04-23-51_115-jvmRun1 surefire9138028699890312098tmp surefire_04587891047428562102tmp"/>
    <property name="surefire.test.class.path" value="C:\Users\navendushukla\workspace\automation\target\test-classes;C:\Users\navendushukla\workspace\automation\target\classes;C:\Users\navendushukla\.m2\repository\junit\junit\3.8.1\junit-3.8.1.jar;C:\Users\navendushukla\.m2\repository\org\seleniumhq\selenium\selenium-java\3.141.59\selenium-java-3.141.59.jar;C:\Users\navendushukla\.m2\repository\org\seleniumhq\selenium\selenium-api\3.141.59\selenium-api-3.141.59.jar;C:\Users\navendushukla\.m2\repository\org\seleniumhq\selenium\selenium-chrome-driver\3.141.59\selenium-chrome-driver-3.141.59.jar;C:\Users\navendushukla\.m2\repository\org\seleniumhq\selenium\selenium-edge-driver\3.141.59\selenium-edge-driver-3.141.59.jar;C:\Users\navendushukla\.m2\repository\org\seleniumhq\selenium\selenium-firefox-driver\3.141.59\selenium-firefox-driver-3.141.59.jar;C:\Users\navendushukla\.m2\repository\org\seleniumhq\selenium\selenium-ie-driver\3.141.59\selenium-ie-driver-3.141.59.jar;C:\Users\navendushukla\.m2\repository\org\seleniumhq\selenium\selenium-opera-driver\3.141.59\selenium-opera-driver-3.141.59.jar;C:\Users\navendushukla\.m2\repository\org\seleniumhq\selenium\selenium-remote-driver\3.141.59\selenium-remote-driver-3.141.59.jar;C:\Users\navendushukla\.m2\repository\org\seleniumhq\selenium\selenium-safari-driver\3.141.59\selenium-safari-driver-3.141.59.jar;C:\Users\navendushukla\.m2\repository\org\seleniumhq\selenium\selenium-support\3.141.59\selenium-support-3.141.59.jar;C:\Users\navendushukla\.m2\repository\net\bytebuddy\byte-buddy\1.8.15\byte-buddy-1.8.15.jar;C:\Users\navendushukla\.m2\repository\org\apache\commons\commons-exec\1.3\commons-exec-1.3.jar;C:\Users\navendushukla\.m2\repository\com\google\guava\guava\25.0-jre\guava-25.0-jre.jar;C:\Users\navendushukla\.m2\repository\com\google\code\findbugs\jsr305\1.3.9\jsr305-1.3.9.jar;C:\Users\navendushukla\.m2\repository\org\checkerframework\checker-compat-qual\2.0.0\checker-compat-qual-2.0.0.jar;C:\Users\navendushukla\.m2\repository\com\google\errorprone\error_prone_annotations\2.1.3\error_prone_annotations-2.1.3.jar;C:\Users\navendushukla\.m2\repository\com\google\j2objc\j2objc-annotations\1.1\j2objc-annotations-1.1.jar;C:\Users\navendushukla\.m2\repository\org\codehaus\mojo\animal-sniffer-annotations\1.14\animal-sniffer-annotations-1.14.jar;C:\Users\navendushukla\.m2\repository\com\squareup\okhttp3\okhttp\3.11.0\okhttp-3.11.0.jar;C:\Users\navendushukla\.m2\repository\com\squareup\okio\okio\1.14.0\okio-1.14.0.jar;C:\Users\navendushukla\.m2\repository\io\cucumber\cucumber-java\6.8.0\cucumber-java-6.8.0.jar;C:\Users\navendushukla\.m2\repository\io\cucumber\cucumber-core\6.8.0\cucumber-core-6.8.0.jar;C:\Users\navendushukla\.m2\repository\io\cucumber\cucumber-gherkin\6.8.0\cucumber-gherkin-6.8.0.jar;C:\Users\navendushukla\.m2\repository\io\cucumber\cucumber-gherkin-messages\6.8.0\cucumber-gherkin-messages-6.8.0.jar;C:\Users\navendushukla\.m2\repository\io\cucumber\messages\13.1.0\messages-13.1.0.jar;C:\Users\navendushukla\.m2\repository\io\cucumber\tag-expressions\3.0.0\tag-expressions-3.0.0.jar;C:\Users\navendushukla\.m2\repository\io\cucumber\cucumber-expressions\10.3.0\cucumber-expressions-10.3.0.jar;C:\Users\navendushukla\.m2\repository\io\cucumber\datatable\3.5.0\datatable-3.5.0.jar;C:\Users\navendushukla\.m2\repository\io\cucumber\cucumber-plugin\6.8.0\cucumber-plugin-6.8.0.jar;C:\Users\navendushukla\.m2\repository\io\cucumber\docstring\6.8.0\docstring-6.8.0.jar;C:\Users\navendushukla\.m2\repository\io\cucumber\html-formatter\9.0.0\html-formatter-9.0.0.jar;C:\Users\navendushukla\.m2\repository\io\cucumber\create-meta\2.0.2\create-meta-2.0.2.jar;C:\Users\navendushukla\.m2\repository\org\apiguardian\apiguardian-api\1.1.0\apiguardian-api-1.1.0.jar;C:\Users\navendushukla\.m2\repository\org\testng\testng\7.3.0\testng-7.3.0.jar;C:\Users\navendushukla\.m2\repository\com\beust\jcommander\1.78\jcommander-1.78.jar;C:\Users\navendushukla\.m2\repository\org\apache\ant\ant\1.10.3\ant-1.10.3.jar;C:\Users\navendushukla\.m2\repository\org\apache\ant\ant-launcher\1.10.3\ant-launcher-1.10.3.jar;C:\Users\navendushukla\.m2\repository\com\google\inject\guice\4.2.2\guice-4.2.2-no_aop.jar;C:\Users\navendushukla\.m2\repository\javax\inject\javax.inject\1\javax.inject-1.jar;C:\Users\navendushukla\.m2\repository\aopalliance\aopalliance\1.0\aopalliance-1.0.jar;C:\Users\navendushukla\.m2\repository\org\yaml\snakeyaml\1.21\snakeyaml-1.21.jar;C:\Users\navendushukla\.m2\repository\info\cukes\cucumber-testng\1.2.5\cucumber-testng-1.2.5.jar;C:\Users\navendushukla\.m2\repository\info\cukes\cucumber-core\1.2.5\cucumber-core-1.2.5.jar;C:\Users\navendushukla\.m2\repository\info\cukes\cucumber-html\0.2.3\cucumber-html-0.2.3.jar;C:\Users\navendushukla\.m2\repository\info\cukes\cucumber-jvm-deps\1.0.5\cucumber-jvm-deps-1.0.5.jar;C:\Users\navendushukla\.m2\repository\info\cukes\gherkin\2.12.2\gherkin-2.12.2.jar;C:\Users\navendushukla\.m2\repository\info\cukes\cucumber-junit\1.2.5\cucumber-junit-1.2.5.jar;C:\Users\navendushukla\.m2\repository\info\cukes\cucumber-java\1.2.5\cucumber-java-1.2.5.jar;C:\Users\navendushukla\.m2\repository\net\masterthought\cucumber-reporting\1.0.0\cucumber-reporting-1.0.0.jar;C:\Users\navendushukla\.m2\repository\com\google\code\gson\gson\2.4\gson-2.4.jar;C:\Users\navendushukla\.m2\repository\org\apache\velocity\velocity\1.7\velocity-1.7.jar;C:\Users\navendushukla\.m2\repository\commons-collections\commons-collections\3.2.1\commons-collections-3.2.1.jar;C:\Users\navendushukla\.m2\repository\commons-lang\commons-lang\2.4\commons-lang-2.4.jar;C:\Users\navendushukla\.m2\repository\velocity-tools\velocity-tools\1.4\velocity-tools-1.4.jar;C:\Users\navendushukla\.m2\repository\joda-time\joda-time\2.9.1\joda-time-2.9.1.jar;C:\Users\navendushukla\.m2\repository\org\apache\commons\commons-lang3\3.4\commons-lang3-3.4.jar;C:\Users\navendushukla\.m2\repository\commons-io\commons-io\2.4\commons-io-2.4.jar;C:\Users\navendushukla\.m2\repository\net\lingala\zip4j\zip4j\1.3.2\zip4j-1.3.2.jar;C:\Users\navendushukla\.m2\repository\org\apache\maven\plugins\maven-gpg-plugin\1.6\maven-gpg-plugin-1.6.jar;C:\Users\navendushukla\.m2\repository\org\apache\maven\maven-plugin-api\2.2.1\maven-plugin-api-2.2.1.jar;C:\Users\navendushukla\.m2\repository\org\apache\maven\maven-project\2.2.1\maven-project-2.2.1.jar;C:\Users\navendushukla\.m2\repository\org\apache\maven\maven-settings\2.2.1\maven-settings-2.2.1.jar;C:\Users\navendushukla\.m2\repository\org\apache\maven\maven-profile\2.2.1\maven-profile-2.2.1.jar;C:\Users\navendushukla\.m2\repository\org\apache\maven\maven-artifact-manager\2.2.1\maven-artifact-manager-2.2.1.jar;C:\Users\navendushukla\.m2\repository\org\apache\maven\wagon\wagon-provider-api\1.0-beta-6\wagon-provider-api-1.0-beta-6.jar;C:\Users\navendushukla\.m2\repository\backport-util-concurrent\backport-util-concurrent\3.1\backport-util-concurrent-3.1.jar;C:\Users\navendushukla\.m2\repository\org\apache\maven\maven-plugin-registry\2.2.1\maven-plugin-registry-2.2.1.jar;C:\Users\navendushukla\.m2\repository\org\codehaus\plexus\plexus-interpolation\1.11\plexus-interpolation-1.11.jar;C:\Users\navendushukla\.m2\repository\org\codehaus\plexus\plexus-container-default\1.0-alpha-9-stable-1\plexus-container-default-1.0-alpha-9-stable-1.jar;C:\Users\navendushukla\.m2\repository\classworlds\classworlds\1.1-alpha-2\classworlds-1.1-alpha-2.jar;C:\Users\navendushukla\.m2\repository\org\apache\maven\maven-artifact\2.2.1\maven-artifact-2.2.1.jar;C:\Users\navendushukla\.m2\repository\org\apache\maven\maven-repository-metadata\2.2.1\maven-repository-metadata-2.2.1.jar;C:\Users\navendushukla\.m2\repository\org\apache\maven\maven-model\2.2.1\maven-model-2.2.1.jar;C:\Users\navendushukla\.m2\repository\org\codehaus\plexus\plexus-utils\3.0.20\plexus-utils-3.0.20.jar;C:\Users\navendushukla\.m2\repository\org\sonatype\plexus\plexus-sec-dispatcher\1.4\plexus-sec-dispatcher-1.4.jar;C:\Users\navendushukla\.m2\repository\org\sonatype\plexus\plexus-cipher\1.4\plexus-cipher-1.4.jar;C:\Users\navendushukla\.m2\repository\org\jsoup\jsoup\1.8.3\jsoup-1.8.3.jar;C:\Users\navendushukla\.m2\repository\org\apache\maven\surefire\surefire-testng-utils\2.22.0\surefire-testng-utils-2.22.0.jar;C:\Users\navendushukla\.m2\repository\org\apache\maven\surefire\surefire-grouper\2.22.0\surefire-grouper-2.22.0.jar;"/>
    <property name="sun.cpu.endian" value="little"/>
    <property name="user.home" value="C:\Users\navendushukla"/>
    <property name="user.language" value="en"/>
    <property name="java.specification.vendor" value="Oracle Corporation"/>
    <property name="java.home" value="C:\Program Files\Java\jdk1.8.0_161\jre"/>
    <property name="basedir" value="C:\Users\navendushukla\workspace\automation"/>
    <property name="file.separator" value="\"/>
    <property name="line.separator" value="&#10;"/>
    <property name="java.vm.specification.vendor" value="Oracle Corporation"/>
    <property name="java.specification.name" value="Java Platform API Specification"/>
    <property name="java.awt.graphicsenv" value="sun.awt.Win32GraphicsEnvironment"/>
    <property name="surefire.real.class.path" value="C:\Users\NAVEND~1\AppData\Local\Temp\surefire7781978859796837624\surefirebooter6032282716542653750.jar"/>
    <property name="sun.boot.class.path" value="C:\Program Files\Java\jdk1.8.0_161\jre\lib\resources.jar;C:\Program Files\Java\jdk1.8.0_161\jre\lib\rt.jar;C:\Program Files\Java\jdk1.8.0_161\jre\lib\sunrsasign.jar;C:\Program Files\Java\jdk1.8.0_161\jre\lib\jsse.jar;C:\Program Files\Java\jdk1.8.0_161\jre\lib\jce.jar;C:\Program Files\Java\jdk1.8.0_161\jre\lib\charsets.jar;C:\Program Files\Java\jdk1.8.0_161\jre\lib\jfr.jar;C:\Program Files\Java\jdk1.8.0_161\jre\classes"/>
    <property name="user.script" value=""/>
    <property name="sun.management.compiler" value="HotSpot 64-Bit Tiered Compilers"/>
    <property name="java.runtime.version" value="1.8.0_161-b12"/>
    <property name="user.name" value="navendushukla"/>
    <property name="path.separator" value=";"/>
    <property name="os.version" value="10.0"/>
    <property name="java.endorsed.dirs" value="C:\Program Files\Java\jdk1.8.0_161\jre\lib\endorsed"/>
    <property name="java.runtime.name" value="Java(TM) SE Runtime Environment"/>
    <property name="file.encoding" value="Cp1252"/>
    <property name="java.vm.name" value="Java HotSpot(TM) 64-Bit Server VM"/>
    <property name="localRepository" value="C:\Users\navendushukla\.m2\repository"/>
    <property name="cucumber.options" value="--tags&apos;@Login,@RegisterPage&apos;"/>
    <property name="java.vendor.url.bug" value="http://bugreport.sun.com/bugreport/"/>
    <property name="java.io.tmpdir" value="C:\Users\NAVEND~1\AppData\Local\Temp\"/>
    <property name="java.version" value="1.8.0_161"/>
    <property name="user.dir" value="C:\Users\navendushukla\workspace\automation"/>
    <property name="os.arch" value="amd64"/>
    <property name="java.vm.specification.name" value="Java Virtual Machine Specification"/>
    <property name="java.awt.printerjob" value="sun.awt.windows.WPrinterJob"/>
    <property name="sun.os.patch.level" value=""/>
    <property name="java.library.path" value="C:\Program Files\Java\jdk1.8.0_161\jre\bin;C:\Windows\Sun\Java\bin;C:\Windows\system32;C:\Windows;C:/Program Files/Java/jre1.8.0_161/bin/server;C:/Program Files/Java/jre1.8.0_161/bin;C:/Program Files/Java/jre1.8.0_161/lib/amd64;C:\Python27\;C:\Python27\Scripts;C:\ProgramData\Oracle\Java\javapath;C:\Program Files (x86)\Intel\iCLS Client\;C:\Program Files\Intel\iCLS Client\;C:\Windows\system32;C:\Windows;C:\Windows\System32\Wbem;C:\Windows\System32\WindowsPowerShell\v1.0\;C:\Program Files (x86)\Intel\Intel(R) Management Engine Components\DAL;C:\Program Files\Intel\Intel(R) Management Engine Components\DAL;C:\Program Files (x86)\Intel\Intel(R) Management Engine Components\IPT;C:\Program Files\Intel\Intel(R) Management Engine Components\IPT;C:\Program Files\Java\jdk1.8.0_161\bin;C:\apache-maven-3.6.2\bin;C:\Program Files\nodejs\;C:\ProgramData\chocolatey\bin;C:\Users\navendushukla\AppData\Local\Microsoft\WindowsApps;C:\Program Files\Java\jdk1.8.0_161\bin;C:\Users\navendushukla\AppData\Roaming\npm;C:\Users\navendushukla\Downloads\eclipse;;."/>
    <property name="java.vm.info" value="mixed mode"/>
    <property name="java.vendor" value="Oracle Corporation"/>
    <property name="java.vm.version" value="25.161-b12"/>
    <property name="java.ext.dirs" value="C:\Program Files\Java\jdk1.8.0_161\jre\lib\ext;C:\Windows\Sun\Java\lib\ext"/>
    <property name="sun.io.unicode.encoding" value="UnicodeLittle"/>
    <property name="java.class.version" value="52.0"/>
  </properties>
  <testcase name="feature" classname="JukinMedia.automation.Runner" time="5.839">
    <failure message="java.lang.AssertionError: [Assertion Failed]: Cursor is not enabled expected [true] but found [false]" type="cucumber.runtime.CucumberException">cucumber.runtime.CucumberException: java.lang.AssertionError: [Assertion Failed]: Cursor is not enabled expected [true] but found [false]
Caused by: java.lang.AssertionError: [Assertion Failed]: Cursor is not enabled expected [true] but found [false]
</failure>
    <system-out><![CDATA[Setup
Driver called
Feature: Login Page
******************************************************************
Test Started For Scenario: Verify elements of login forms are displayed
******************************************************************

User launched login URL
[Assertion Passed]: Login form heading "Fill fields below to log in." is displayed
[Assertion Passed]: Username field is displayed
[Assertion Passed]: Password field is displayed
[Assertion Passed]: Forgot Password link is displayed
[Assertion Passed]: Register link is displayed
[Assertion Passed]: Login Button is displayed
[Assertion Passed]: Login button is disabled
*************************************
Feature Name> Scenario Name: Verify elements of login forms are displayed
Scenario Result: PASSED
******************************************************************
Test Started For Scenario: Verify user is able to login using valid credentials
******************************************************************


  @Login
  Scenario: Verify elements of login forms are displayed                 &amp#27;[90m# LoginPage.feature:5&amp#27;[0m
    &amp#27;[32mGiven &amp#27;[0m&amp#27;[32mUser launches the Login Page&amp#27;[0m                                   &amp#27;[90m# LoginPageStepDef.launchLoginPage()&amp#27;[0m
    &amp#27;[32mThen &amp#27;[0m&amp#27;[32mVerify form heading "&amp#27;[0m&amp#27;[32m&amp#27;[1mFill fields below to log in.&amp#27;[0m&amp#27;[32m" is displayed&amp#27;[0m &amp#27;[90m# LoginPageStepDef.verifyHeading(String)&amp#27;[0m
    &amp#27;[32mThen &amp#27;[0m&amp#27;[32mVerify Username text field is displayed&amp#27;[0m                         &amp#27;[90m# LoginPageStepDef.verifyUserNameField()&amp#27;[0m
    &amp#27;[32mThen &amp#27;[0m&amp#27;[32mVerify Password text field is displayed&amp#27;[0m                         &amp#27;[90m# LoginPageStepDef.verifyPasswordTextField()&amp#27;[0m
    &amp#27;[32mThen &amp#27;[0m&amp#27;[32mVerify Forgot Password link is displayed&amp#27;[0m                        &amp#27;[90m# LoginPageStepDef.verifyForgotPasswordLinkIsDisplayed()&amp#27;[0m
    &amp#27;[32mThen &amp#27;[0m&amp#27;[32mVerify Register link is displayed&amp#27;[0m                               &amp#27;[90m# LoginPageStepDef.verifyRegisterLinkIsDisplayed()&amp#27;[0m
    &amp#27;[32mThen &amp#27;[0m&amp#27;[32mVerify login button is displayed&amp#27;[0m                                &amp#27;[90m# LoginPageStepDef.verifyloginButtonIsDisplayed()&amp#27;[0m
    &amp#27;[32mThen &amp#27;[0m&amp#27;[32mVerify login button is disabled&amp#27;[0m                                 &amp#27;[90m# LoginPageStepDef.verifyLoginButtonIsDisabled()&amp#27;[0m
User launched login URL
User enters valid username and password
User clicks on login button
[Assertion Passed]: User is able to login successfully
*************************************
Feature Name> Scenario Name: Verify user is able to login using valid credentials
Scenario Result: PASSED
******************************************************************
Test Started For Scenario: Verify user is not able to login using invalid credentials
******************************************************************


  @Login
  Scenario: Verify user is able to login using valid credentials &amp#27;[90m# LoginPage.feature:17&amp#27;[0m
    &amp#27;[32mGiven &amp#27;[0m&amp#27;[32mUser launches the Login Page&amp#27;[0m                           &amp#27;[90m# LoginPageStepDef.launchLoginPage()&amp#27;[0m
    &amp#27;[32mGiven &amp#27;[0m&amp#27;[32mUser enters valid username and password&amp#27;[0m                &amp#27;[90m# LoginPageStepDef.enterValidUsernameAndPassword()&amp#27;[0m
    &amp#27;[32mAnd &amp#27;[0m&amp#27;[32mUser clicks on login Button&amp#27;[0m                              &amp#27;[90m# LoginPageStepDef.userClicksOnLoginButton()&amp#27;[0m
    &amp#27;[32mThen &amp#27;[0m&amp#27;[32mVerify that user is able to login successfully&amp#27;[0m          &amp#27;[90m# LoginPageStepDef.verifyUserIsOnSuccessPage()&amp#27;[0m
User launched login URL
User enters the user name abc@test.com
User enters the user name A@123
User clicks on login button
[Assertion Passed]: User is able to see Incorrect email/password combination text
User is not able to login
*************************************
Feature Name> Scenario Name: Verify user is not able to login using invalid credentials
Scenario Result: PASSED
******************************************************************
Test Started For Scenario: Verify login button should get enabled when user has filled username and password fields
******************************************************************


  @Login
  Scenario: Verify user is not able to login using invalid credentials &amp#27;[90m# LoginPage.feature:25&amp#27;[0m
    &amp#27;[32mGiven &amp#27;[0m&amp#27;[32mUser launches the Login Page&amp#27;[0m                                 &amp#27;[90m# LoginPageStepDef.launchLoginPage()&amp#27;[0m
    &amp#27;[32mWhen &amp#27;[0m&amp#27;[32mUser enter user name "&amp#27;[0m&amp#27;[32m&amp#27;[1mabc@test.com&amp#27;[0m&amp#27;[32m"&amp#27;[0m                           &amp#27;[90m# LoginPageStepDef.enterUserName(String)&amp#27;[0m
    &amp#27;[32mWhen &amp#27;[0m&amp#27;[32mUser enter password "&amp#27;[0m&amp#27;[32m&amp#27;[1mA@123&amp#27;[0m&amp#27;[32m"&amp#27;[0m                                   &amp#27;[90m# LoginPageStepDef.enterPassword(String)&amp#27;[0m
    &amp#27;[32mAnd &amp#27;[0m&amp#27;[32mUser clicks on login Button&amp#27;[0m                                    &amp#27;[90m# LoginPageStepDef.userClicksOnLoginButton()&amp#27;[0m
    &amp#27;[32mThen &amp#27;[0m&amp#27;[32mVerify user is not able to login using invalid credentials&amp#27;[0m    &amp#27;[90m# LoginPageStepDef.verifyUserIsNotAbleToLoginUsingInvalidCredentials()&amp#27;[0m
User launched login URL
User enters the user name abc@test.com
User enters the user name A@123
[Assertion Passed]: Login Button is enabled
*************************************
Feature Name> Scenario Name: Verify login button should get enabled when user has filled username and password fields
Scenario Result: PASSED
******************************************************************
Test Started For Scenario: Verify mouse cursor should be enabled when user hovers over login button after filling username and password fields
******************************************************************


  @Login
  Scenario: Verify login button should get enabled when user has filled username and password fields &amp#27;[90m# LoginPage.feature:34&amp#27;[0m
    &amp#27;[32mGiven &amp#27;[0m&amp#27;[32mUser launches the Login Page&amp#27;[0m                                                               &amp#27;[90m# LoginPageStepDef.launchLoginPage()&amp#27;[0m
    &amp#27;[32mWhen &amp#27;[0m&amp#27;[32mUser enter user name "&amp#27;[0m&amp#27;[32m&amp#27;[1mabc@test.com&amp#27;[0m&amp#27;[32m"&amp#27;[0m                                                         &amp#27;[90m# LoginPageStepDef.enterUserName(String)&amp#27;[0m
    &amp#27;[32mWhen &amp#27;[0m&amp#27;[32mUser enter password "&amp#27;[0m&amp#27;[32m&amp#27;[1mA@123&amp#27;[0m&amp#27;[32m"&amp#27;[0m                                                                 &amp#27;[90m# LoginPageStepDef.enterPassword(String)&amp#27;[0m
    &amp#27;[32mThen &amp#27;[0m&amp#27;[32mVerify login button is enabled&amp#27;[0m                                                              &amp#27;[90m# LoginPageStepDef.verifyLoginButtonIsEnabled()&amp#27;[0m
User launched login URL
User enters the user name abc@test.com
User enters the user name A@123
User hover over login Button
Found cursor style: not-allowed
*************************************
Feature Name> Scenario Name: Verify mouse cursor should be enabled when user hovers over login button after filling username and password fields
Scenario Result: FAILED

  @Login
  Scenario: Verify mouse cursor should be enabled when user hovers over login button after filling username and password fields &amp#27;[90m# LoginPage.feature:41&amp#27;[0m
    &amp#27;[32mGiven &amp#27;[0m&amp#27;[32mUser launches the Login Page&amp#27;[0m                                                                                          &amp#27;[90m# LoginPageStepDef.launchLoginPage()&amp#27;[0m
    &amp#27;[32mWhen &amp#27;[0m&amp#27;[32mUser enter user name "&amp#27;[0m&amp#27;[32m&amp#27;[1mabc@test.com&amp#27;[0m&amp#27;[32m"&amp#27;[0m                                                                                    &amp#27;[90m# LoginPageStepDef.enterUserName(String)&amp#27;[0m
    &amp#27;[32mWhen &amp#27;[0m&amp#27;[32mUser enter password "&amp#27;[0m&amp#27;[32m&amp#27;[1mA@123&amp#27;[0m&amp#27;[32m"&amp#27;[0m                                                                                            &amp#27;[90m# LoginPageStepDef.enterPassword(String)&amp#27;[0m
    &amp#27;[31mThen &amp#27;[0m&amp#27;[31mVerify cursor should be enabled when user hover over the login button&amp#27;[0m                                                  &amp#27;[90m# LoginPageStepDef.verifyCursorIsEnabledWhenUserHoverOverLoginButton()&amp#27;[0m
      &amp#27;[31mjava.lang.AssertionError: [Assertion Failed]: Cursor is not enabled expected [true] but found [false]
      	at org.testng.Assert.fail(Assert.java:99)
      	at org.testng.Assert.failNotEquals(Assert.java:1037)
      	at org.testng.Assert.assertTrue(Assert.java:45)
      	at JukinMedia.automation.action.LoginPageAction.verifyCursorIsEnabledWhenUserHoverOverLoginButton(LoginPageAction.java:147)
      	at JukinMedia.automation.stepdefs.LoginPageStepDef.verifyCursorIsEnabledWhenUserHoverOverLoginButton(LoginPageStepDef.java:108)
      	at ?.Then Verify cursor should be enabled when user hover over the login button(LoginPage.feature:45)
      &amp#27;[0m
]]></system-out>
    <system-err><![CDATA[Starting ChromeDriver 85.0.4183.87 (cd6713ebf92fa1cacc0f1a598df280093af0c5d7-refs/branch-heads/4183@{#1689}) on port 37632
Only local connections are allowed.
Please see https://chromedriver.chromium.org/security-considerations for suggestions on keeping ChromeDriver safe.
ChromeDriver was started successfully.
Sep 29, 2020 4:23:59 AM org.openqa.selenium.remote.ProtocolHandshake createSession
INFO: Detected dialect: W3C
]]></system-err>
  </testcase>
  <testcase name="feature" classname="JukinMedia.automation.Runner" time="9.379">
    <failure message="java.lang.AssertionError: [Assrtion Failed]: Tool tip is displayed expected [false] but found [true]" type="cucumber.runtime.CucumberException">cucumber.runtime.CucumberException: java.lang.AssertionError: [Assrtion Failed]: Tool tip is displayed expected [false] but found [true]
Caused by: java.lang.AssertionError: [Assrtion Failed]: Tool tip is displayed expected [false] but found [true]
</failure>
    <system-out><![CDATA[Feature: Register Page
******************************************************************
Test Started For Scenario: Verify on clicking register link user is directed to register page
******************************************************************

User launched login URL
User clicks on Register link
*************************************
Feature Name> Scenario Name: Verify on clicking register link user is directed to register page
Scenario Result: PASSED
******************************************************************
Test Started For Scenario: Verify register page form elements
******************************************************************


  @RegisterPage
  Scenario: Verify on clicking register link user is directed to register page &amp#27;[90m# RegisterPage.feature:4&amp#27;[0m
    &amp#27;[32mGiven &amp#27;[0m&amp#27;[32mUser launches the Login Page&amp#27;[0m                                         &amp#27;[90m# LoginPageStepDef.launchLoginPage()&amp#27;[0m
    &amp#27;[32mWhen &amp#27;[0m&amp#27;[32mUser clicks on Register link&amp#27;[0m                                          &amp#27;[90m# LoginPageStepDef.userClicksOnRegisterLink()&amp#27;[0m
    &amp#27;[32mThen &amp#27;[0m&amp#27;[32mVerify user lands on Registration page&amp#27;[0m                                &amp#27;[90m# LoginPageStepDef.verifyUserLandsOnRegisterPage()&amp#27;[0m
[Assertion Passed]: Login form heading "Fill out the form to create your account." is displayed
[Assertion Passed]: Email field is displayed
[Assertion Passed]: Password field is displayed
[Assertion Passed]: Confirm Password field is displayed
[Assertion Passed]: Submit Button is displayed
[Assertion Passed]: Back to login Button is displayed
*************************************
Feature Name> Scenario Name: Verify register page form elements
Scenario Result: PASSED
******************************************************************
Test Started For Scenario: Verify user is able to successfully register on entering valid email and password
******************************************************************


  @RegisterPage
  Scenario: Verify register page form elements                                        &amp#27;[90m# RegisterPage.feature:10&amp#27;[0m
    &amp#27;[32mThen &amp#27;[0m&amp#27;[32mVerify form heading "&amp#27;[0m&amp#27;[32m&amp#27;[1mFill out the form to create your account.&amp#27;[0m&amp#27;[32m" is displayed&amp#27;[0m &amp#27;[90m# LoginPageStepDef.verifyHeading(String)&amp#27;[0m
    &amp#27;[32mThen &amp#27;[0m&amp#27;[32mVerify email field is displayed on register page&amp#27;[0m                             &amp#27;[90m# RegisterPageStepDef.verifyEmailFieldIsDisplayed()&amp#27;[0m
    &amp#27;[32mThen &amp#27;[0m&amp#27;[32mVerify password field is displayed on register page&amp#27;[0m                          &amp#27;[90m# RegisterPageStepDef.verifyPasswordFieldIsDisplayed()&amp#27;[0m
    &amp#27;[32mThen &amp#27;[0m&amp#27;[32mVerify confirm password field is displayed on register page&amp#27;[0m                  &amp#27;[90m# RegisterPageStepDef.verifyConfirmPasswordFieldIsDisplayed()&amp#27;[0m
    &amp#27;[32mThen &amp#27;[0m&amp#27;[32mVerify submit button is displayed on register page&amp#27;[0m                           &amp#27;[90m# RegisterPageStepDef.verifySubmitButtonIsDisplayed()&amp#27;[0m
    &amp#27;[32mThen &amp#27;[0m&amp#27;[32mVerify Back to Login button is displayed on register page&amp#27;[0m                    &amp#27;[90m# RegisterPageStepDef.verifyBackToLoginButtonIsDisplayed()&amp#27;[0m
User enters the email abc@test.com
User enters the password A@123
User enters the confirmation password A@123
User clicks on submit button
Registration successful page is displayed
*************************************
Feature Name> Scenario Name: Verify user is able to successfully register on entering valid email and password
Scenario Result: PASSED
******************************************************************
Test Started For Scenario: Verify user is redirected to Exception page if user clicks on submit button leaving every field blank
******************************************************************


  @RegisterPage
  Scenario: Verify user is able to successfully register on entering valid email and password &amp#27;[90m# RegisterPage.feature:19&amp#27;[0m
    &amp#27;[32mWhen &amp#27;[0m&amp#27;[32mOn register page user enters email "&amp#27;[0m&amp#27;[32m&amp#27;[1mabc@test.com&amp#27;[0m&amp#27;[32m"&amp#27;[0m                                    &amp#27;[90m# RegisterPageStepDef.enterEmail(String)&amp#27;[0m
    &amp#27;[32mWhen &amp#27;[0m&amp#27;[32mOn register page user enters password "&amp#27;[0m&amp#27;[32m&amp#27;[1mA@123&amp#27;[0m&amp#27;[32m"&amp#27;[0m                                        &amp#27;[90m# RegisterPageStepDef.enterPassword(String)&amp#27;[0m
    &amp#27;[32mAnd &amp#27;[0m&amp#27;[32mOn register page user enters confirmation password "&amp#27;[0m&amp#27;[32m&amp#27;[1mA@123&amp#27;[0m&amp#27;[32m"&amp#27;[0m                            &amp#27;[90m# RegisterPageStepDef.enterConfirmationPassword(String)&amp#27;[0m
    &amp#27;[32mAnd &amp#27;[0m&amp#27;[32mUser clicks on submit button of register page&amp#27;[0m                                         &amp#27;[90m# RegisterPageStepDef.clickOnSubmitButton()&amp#27;[0m
    &amp#27;[32mThen &amp#27;[0m&amp#27;[32mVerify Registration successful page is displayed&amp#27;[0m                                     &amp#27;[90m# RegisterPageStepDef.verifyRegistationSuccessfulPageIsDisplayed()&amp#27;[0m
User launched login URL
User clicks on Register link
User clicks on submit button
Exception page is displayed
*************************************
Feature Name> Scenario Name: Verify user is redirected to Exception page if user clicks on submit button leaving every field blank
Scenario Result: PASSED
******************************************************************
Test Started For Scenario: Verify is user enters invalid email a fail message is displayed
******************************************************************


  @RegisterPage
  Scenario: Verify user is redirected to Exception page if user clicks on submit button leaving every field blank &amp#27;[90m# RegisterPage.feature:27&amp#27;[0m
    &amp#27;[32mGiven &amp#27;[0m&amp#27;[32mUser launches the Login Page&amp#27;[0m                                                                            &amp#27;[90m# LoginPageStepDef.launchLoginPage()&amp#27;[0m
    &amp#27;[32mWhen &amp#27;[0m&amp#27;[32mUser clicks on Register link&amp#27;[0m                                                                             &amp#27;[90m# LoginPageStepDef.userClicksOnRegisterLink()&amp#27;[0m
    &amp#27;[32mAnd &amp#27;[0m&amp#27;[32mUser clicks on submit button of register page&amp#27;[0m                                                             &amp#27;[90m# RegisterPageStepDef.clickOnSubmitButton()&amp#27;[0m
    &amp#27;[32mThen &amp#27;[0m&amp#27;[32mVerify exception page is displayed&amp#27;[0m                                                                       &amp#27;[90m# RegisterPageStepDef.verifyExceptionPageIsLaunched()&amp#27;[0m
User launched login URL
User clicks on Register link
User enters the email abc.com
User enters the password A@123
User enters the confirmation password A@123
User clicks on submit button
[Assertion Passed]: Fail Message is displayed: Please enter a valid Email.
*************************************
Feature Name> Scenario Name: Verify is user enters invalid email a fail message is displayed
Scenario Result: PASSED
******************************************************************
Test Started For Scenario: Verify on password and confirm password field mismatch fail message is displayed
******************************************************************


  @RegisterPage
  Scenario: Verify is user enters invalid email a fail message is displayed &amp#27;[90m# RegisterPage.feature:34&amp#27;[0m
    &amp#27;[32mGiven &amp#27;[0m&amp#27;[32mUser launches the Login Page&amp#27;[0m                                      &amp#27;[90m# LoginPageStepDef.launchLoginPage()&amp#27;[0m
    &amp#27;[32mWhen &amp#27;[0m&amp#27;[32mUser clicks on Register link&amp#27;[0m                                       &amp#27;[90m# LoginPageStepDef.userClicksOnRegisterLink()&amp#27;[0m
    &amp#27;[32mWhen &amp#27;[0m&amp#27;[32mOn register page user enters email "&amp#27;[0m&amp#27;[32m&amp#27;[1mabc.com&amp#27;[0m&amp#27;[32m"&amp#27;[0m                       &amp#27;[90m# RegisterPageStepDef.enterEmail(String)&amp#27;[0m
    &amp#27;[32mWhen &amp#27;[0m&amp#27;[32mOn register page user enters password "&amp#27;[0m&amp#27;[32m&amp#27;[1mA@123&amp#27;[0m&amp#27;[32m"&amp#27;[0m                      &amp#27;[90m# RegisterPageStepDef.enterPassword(String)&amp#27;[0m
    &amp#27;[32mAnd &amp#27;[0m&amp#27;[32mOn register page user enters confirmation password "&amp#27;[0m&amp#27;[32m&amp#27;[1mA@123&amp#27;[0m&amp#27;[32m"&amp#27;[0m          &amp#27;[90m# RegisterPageStepDef.enterConfirmationPassword(String)&amp#27;[0m
    &amp#27;[32mAnd &amp#27;[0m&amp#27;[32mUser clicks on submit button of register page&amp#27;[0m                       &amp#27;[90m# RegisterPageStepDef.clickOnSubmitButton()&amp#27;[0m
    &amp#27;[32mThen &amp#27;[0m&amp#27;[32mVerify fail message "&amp#27;[0m&amp#27;[32m&amp#27;[1mPlease enter a valid Email.&amp#27;[0m&amp#27;[32m" is displayed&amp#27;[0m     &amp#27;[90m# RegisterPageStepDef.verifyFailMessageIsDisplayed(String)&amp#27;[0m
User launched login URL
User clicks on Register link
User enters the email abc@test.com
User enters the password A@123a
User enters the confirmation password A@123
User clicks on submit button
[Assertion Passed]: Fail Message is displayed: Password confirmation must must match Password
*************************************
Feature Name> Scenario Name: Verify on password and confirm password field mismatch fail message is displayed
Scenario Result: PASSED
******************************************************************
Test Started For Scenario: Verify on hovering over tool tip image tool tip text is displayed
******************************************************************


  @RegisterPage
  Scenario: Verify on password and confirm password field mismatch fail message is displayed &amp#27;[90m# RegisterPage.feature:44&amp#27;[0m
    &amp#27;[32mGiven &amp#27;[0m&amp#27;[32mUser launches the Login Page&amp#27;[0m                                                       &amp#27;[90m# LoginPageStepDef.launchLoginPage()&amp#27;[0m
    &amp#27;[32mWhen &amp#27;[0m&amp#27;[32mUser clicks on Register link&amp#27;[0m                                                        &amp#27;[90m# LoginPageStepDef.userClicksOnRegisterLink()&amp#27;[0m
    &amp#27;[32mWhen &amp#27;[0m&amp#27;[32mOn register page user enters email "&amp#27;[0m&amp#27;[32m&amp#27;[1mabc@test.com&amp#27;[0m&amp#27;[32m"&amp#27;[0m                                   &amp#27;[90m# RegisterPageStepDef.enterEmail(String)&amp#27;[0m
    &amp#27;[32mWhen &amp#27;[0m&amp#27;[32mOn register page user enters password "&amp#27;[0m&amp#27;[32m&amp#27;[1mA@123a&amp#27;[0m&amp#27;[32m"&amp#27;[0m                                      &amp#27;[90m# RegisterPageStepDef.enterPassword(String)&amp#27;[0m
    &amp#27;[32mAnd &amp#27;[0m&amp#27;[32mOn register page user enters confirmation password "&amp#27;[0m&amp#27;[32m&amp#27;[1mA@123&amp#27;[0m&amp#27;[32m"&amp#27;[0m                           &amp#27;[90m# RegisterPageStepDef.enterConfirmationPassword(String)&amp#27;[0m
    &amp#27;[32mAnd &amp#27;[0m&amp#27;[32mUser clicks on submit button of register page&amp#27;[0m                                        &amp#27;[90m# RegisterPageStepDef.clickOnSubmitButton()&amp#27;[0m
    &amp#27;[32mThen &amp#27;[0m&amp#27;[32mVerify fail message "&amp#27;[0m&amp#27;[32m&amp#27;[1mPassword confirmation must must match Password&amp#27;[0m&amp#27;[32m" is displayed&amp#27;[0m   &amp#27;[90m# RegisterPageStepDef.verifyFailMessageIsDisplayed(String)&amp#27;[0m
[Assrtion Passed]: Tool tip is displayed on hovering too tip image
*************************************
Feature Name> Scenario Name: Verify on hovering over tool tip image tool tip text is displayed
Scenario Result: PASSED
******************************************************************
Test Started For Scenario: Verify tool tip disappers when user stops hovering over tool tip image
******************************************************************


  @RegisterPage
  Scenario: Verify on hovering over tool tip image tool tip text is displayed &amp#27;[90m# RegisterPage.feature:54&amp#27;[0m
    &amp#27;[32mThen &amp#27;[0m&amp#27;[32mVerify on hovering over tool tip image tool tip text is displayed&amp#27;[0m    &amp#27;[90m# RegisterPageStepDef.verifyOnHoveringOverToolTipImageToolTipTextIsDisplayed()&amp#27;[0m
*************************************
Feature Name> Scenario Name: Verify tool tip disappers when user stops hovering over tool tip image
Scenario Result: FAILED

  @RegisterPage
  Scenario: Verify tool tip disappers when user stops hovering over tool tip image &amp#27;[90m# RegisterPage.feature:58&amp#27;[0m
    &amp#27;[31mThen &amp#27;[0m&amp#27;[31mVerify tool tip disappers when user stops hovering over tool tip image&amp#27;[0m    &amp#27;[90m# RegisterPageStepDef.verifyToolTipDisappears()&amp#27;[0m
      &amp#27;[31mjava.lang.AssertionError: [Assrtion Failed]: Tool tip is displayed expected [false] but found [true]
      	at org.testng.Assert.fail(Assert.java:99)
      	at org.testng.Assert.failNotEquals(Assert.java:1037)
      	at org.testng.Assert.assertFalse(Assert.java:67)
      	at JukinMedia.automation.action.RegisterPageAction.verifyToolTipDisappears(RegisterPageAction.java:110)
      	at JukinMedia.automation.stepdefs.RegisterPageStepDef.verifyToolTipDisappears(RegisterPageStepDef.java:67)
      	at ?.Then Verify tool tip disappers when user stops hovering over tool tip image(RegisterPage.feature:59)
      &amp#27;[0m
]]></system-out>
  </testcase>
</testsuite>