<!DOCTYPE html PUBLIC "-//W3C//DTD XHTML 1.1//EN" "http://www.w3.org/TR/xhtml11/DTD/xhtml11.dtd">
<html xmlns="http://www.w3.org/1999/xhtml"><head><title>TestNG Report</title><style type="text/css">table {margin-bottom:10px;border-collapse:collapse;empty-cells:show}th,td {border:1px solid #009;padding:.25em .5em}th {vertical-align:bottom}td {vertical-align:top}table a {font-weight:bold}.stripe td {background-color: #E6EBF9}.num {text-align:right}.passedodd td {background-color: #3F3}.passedeven td {background-color: #0A0}.skippedodd td {background-color: #DDD}.skippedeven td {background-color: #CCC}.failedodd td,.attn {background-color: #F33}.failedeven td,.stripe .attn {background-color: #D00}.stacktrace {white-space:pre;font-family:monospace}.totop {font-size:85%;text-align:center;border-bottom:2px solid #000}</style></head><body><table><tr><th>Test</th><th># Passed</th><th># Skipped</th><th># Failed</th><th>Time (ms)</th><th>Included Groups</th><th>Excluded Groups</th></tr><tr><th colspan="7">Default suite</th></tr><tr><td><a href="#t0">Default test</a></td><td class="num">0</td><td class="num">0</td><td class="num attn">1</td><td class="num">12,704</td><td></td><td></td></tr></table><table><thead><tr><th>Class</th><th>Method</th><th>Start</th><th>Time (ms)</th></tr></thead><tbody><tr><th colspan="4">Default suite</th></tr></tbody><tbody id="t0"><tr><th colspan="4">Default test &#8212; failed</th></tr><tr class="failedeven"><td rowspan="1">JukinMedia.automation.Runner</td><td><a href="#m0">feature</a></td><td rowspan="1">1601330610193</td><td rowspan="1">7130</td></tr></tbody></table><h2>Default test</h2><h3 id="m0">JukinMedia.automation.Runner#feature</h3><table class="result"><tr class="param"><th>Parameter #1</th></tr><tr class="param stripe"><td>Register Page</td></tr><tr><th>Messages</th></tr><tr><td><div class="messages">User launched login URL<br/>User clicks on Register link<br/>[Assertion Passed]: User is directed to Registration page<br/>*************************************<br/>Feature Name&gt; Scenario Name: Verify on clicking register link user is directed to register page<br/>Scenario Result: PASSED<br/>[Assertion Passed]: Login form heading &quot;Fill out the form to create your account.&quot; is displayed<br/>[Assertion Passed]: Email field is displayed<br/>[Assertion Passed]: Password field is displayed<br/>[Assertion Passed]: Confirm Password field is displayed<br/>[Assertion Passed]: Submit Button is displayed<br/>[Assertion Passed]: Back to login Button is displayed<br/>*************************************<br/>Feature Name&gt; Scenario Name: Verify register page form elements<br/>Scenario Result: PASSED<br/>User enters the email abc@test.com<br/>User enters the password A@123<br/>User enters the confirmation password A@123<br/>User clicks on submit button<br/>Registration successful page is displayed<br/>*************************************<br/>Feature Name&gt; Scenario Name: Verify user is able to successfully register on entering valid email and password<br/>Scenario Result: PASSED<br/>User launched login URL<br/>User clicks on Register link<br/>User clicks on submit button<br/>Exception page is displayed<br/>*************************************<br/>Feature Name&gt; Scenario Name: Verify user is redirected to Exception page if user clicks on submit button leaving every field blank<br/>Scenario Result: PASSED<br/>User launched login URL<br/>User clicks on Register link<br/>User enters the email abc.com<br/>User enters the password A@123<br/>User enters the confirmation password A@123<br/>User clicks on submit button<br/>[Assertion Passed]: Fail Message is displayed: Please enter a valid Email.<br/>*************************************<br/>Feature Name&gt; Scenario Name: Verify is user enters invalid email a fail message is displayed<br/>Scenario Result: PASSED<br/>User launched login URL<br/>User clicks on Register link<br/>User enters the email abc@test.com<br/>User enters the password A@123a<br/>User enters the confirmation password A@123<br/>User clicks on submit button<br/>[Assertion Passed]: Fail Message is displayed: Password confirmation must must match Password<br/>*************************************<br/>Feature Name&gt; Scenario Name: Verify on password and confirm password field mismatch fail message is displayed<br/>Scenario Result: PASSED<br/>User hover over tool tip image<br/>[Assrtion Passed]: Tool tip is displayed on hovering too tip image<br/>*************************************<br/>Feature Name&gt; Scenario Name: Verify on hovering over tool tip image tool tip text is displayed<br/>Scenario Result: PASSED<br/>User hover over email text field<br/>*************************************<br/>Feature Name&gt; Scenario Name: Verify tool tip disappers when user stops hovering over tool tip image<br/>Scenario Result: FAILED</div></td></tr><tr><th>Exception</th></tr><tr><td><div class="stacktrace">cucumber.runtime.CucumberException: java.lang.AssertionError: [Assrtion Failed]: Tool tip is displayed expected [false] but found [true]
	at cucumber.api.testng.TestNGCucumberRunner.runCucumber(TestNGCucumberRunner.java:69)
	at cucumber.api.testng.AbstractTestNGCucumberTests.feature(AbstractTestNGCucumberTests.java:21)
	at sun.reflect.NativeMethodAccessorImpl.invoke0(Native Method)
	at sun.reflect.NativeMethodAccessorImpl.invoke(NativeMethodAccessorImpl.java:62)
	at sun.reflect.DelegatingMethodAccessorImpl.invoke(DelegatingMethodAccessorImpl.java:43)
	at java.lang.reflect.Method.invoke(Method.java:498)
	at org.testng.internal.MethodInvocationHelper.invokeMethod(MethodInvocationHelper.java:86)
	at org.testng.internal.Invoker.invokeMethod(Invoker.java:645)
	at org.testng.internal.Invoker.invokeTestMethod(Invoker.java:822)
	at org.testng.internal.Invoker.invokeTestMethods(Invoker.java:1130)
	at org.testng.internal.TestMethodWorker.invokeTestMethods(TestMethodWorker.java:129)
	at org.testng.internal.TestMethodWorker.run(TestMethodWorker.java:112)
	at org.testng.TestRunner.privateRun(TestRunner.java:782)
	at org.testng.TestRunner.run(TestRunner.java:632)
	at org.testng.SuiteRunner.runTest(SuiteRunner.java:366)
	at org.testng.SuiteRunner.runSequentially(SuiteRunner.java:361)
	at org.testng.SuiteRunner.privateRun(SuiteRunner.java:319)
	at org.testng.SuiteRunner.run(SuiteRunner.java:268)
	at org.testng.SuiteRunnerWorker.runSuite(SuiteRunnerWorker.java:52)
	at org.testng.SuiteRunnerWorker.run(SuiteRunnerWorker.java:86)
	at org.testng.TestNG.runSuitesSequentially(TestNG.java:1244)
	at org.testng.TestNG.runSuitesLocally(TestNG.java:1169)
	at org.testng.TestNG.run(TestNG.java:1064)
	at org.testng.remote.RemoteTestNG.run(RemoteTestNG.java:113)
	at org.testng.remote.RemoteTestNG.initAndRun(RemoteTestNG.java:206)
	at org.testng.remote.RemoteTestNG.main(RemoteTestNG.java:177)
Caused by: java.lang.AssertionError: [Assrtion Failed]: Tool tip is displayed expected [false] but found [true]
	at org.testng.Assert.fail(Assert.java:94)
	at org.testng.Assert.failNotEquals(Assert.java:513)
	at org.testng.Assert.assertFalse(Assert.java:63)
	at JukinMedia.automation.action.RegisterPageAction.verifyToolTipDisappears(RegisterPageAction.java:110)
	at JukinMedia.automation.stepdefs.RegisterPageStepDef.verifyToolTipDisappears(RegisterPageStepDef.java:67)
	at ?.Then Verify tool tip disappers when user stops hovering over tool tip image(RegisterPage.feature:59)
</div></td></tr></table><p class="totop"><a href="#summary">back to summary</a></p></body></html>